[+] Containers:
 |- [+] Container: /Game/ThirdPerson/Maps/ThirdPersonMap
 |   |- [+] ActorDescs:
 |   |   |- Guid:12ACF9E84ACA08D0297B178C4E779CFF NativeClass:/Script/Engine.StaticMeshActor Name:StaticMeshActor_UAID_E89C25DEDC2A425402_1431698829 Label:Box3 SpatiallyLoaded:true EditorBounds:IsValid=true, Min=(X=1530.080 Y=7085.984 Z=-870.000), Max=(X=1789.920 Y=7154.016 Z=-442.328) RuntimeBounds:IsValid=true, Min=(X=1530.080 Y=7085.984 Z=-870.000), Max=(X=1789.920 Y=7154.016 Z=-442.328) RuntimeGrid:None EditorOnly:false RuntimeOnly:false HLODRelevant:true ListedInSceneOutliner:true IsMainWorldOnly:false
 |   |   |- Guid:1AF41CDC4AAACE2A0A38079DCB49F803 NativeClass:/Script/Engine.StaticMeshActor Name:StaticMeshActor_UAID_6C6A77E26A5DBE5502_2062523695 Label:Stairs SpatiallyLoaded:true EditorBounds:IsValid=true, Min=(X=2630.000 Y=1355.000 Z=390.000), Max=(X=3410.000 Y=1505.000 Z=910.000) RuntimeBounds:IsValid=true, Min=(X=2630.000 Y=1355.000 Z=390.000), Max=(X=3410.000 Y=1505.000 Z=910.000) RuntimeGrid:None EditorOnly:false RuntimeOnly:false HLODRelevant:true ListedInSceneOutliner:true IsMainWorldOnly:false
 |   |   |- Guid:2FB58999456391D349DC0F86DAC136ED NativeClass:/Script/Engine.SkyLight Name:SkyLight_1 Label:SkyLight SpatiallyLoaded:false EditorBounds:IsValid=true, Min=(X=0.000 Y=0.000 Z=690.000), Max=(X=0.000 Y=0.000 Z=690.000) RuntimeBounds:IsValid=true, Min=(X=0.000 Y=0.000 Z=690.000), Max=(X=0.000 Y=0.000 Z=690.000) RuntimeGrid:None EditorOnly:false RuntimeOnly:false HLODRelevant:false ListedInSceneOutliner:true IsMainWorldOnly:false FolderPath:Lighting FolderGuid:963EC3EB4002CCE9759E2EBA541A873A
 |   |   |- Guid:316CF2A6494ACA4C0E4180A87D36AB8F NativeClass:/Script/Engine.ExponentialHeightFog Name:ExponentialHeightFog_0 Label:ExponentialHeightFog SpatiallyLoaded:false EditorBounds:IsValid=true, Min=(X=-5600.000 Y=-50.000 Z=-6850.000), Max=(X=-5600.000 Y=-50.000 Z=-6850.000) RuntimeBounds:IsValid=true, Min=(X=-5600.000 Y=-50.000 Z=-6850.000), Max=(X=-5600.000 Y=-50.000 Z=-6850.000) RuntimeGrid:None EditorOnly:false RuntimeOnly:false HLODRelevant:false ListedInSceneOutliner:true IsMainWorldOnly:false FolderPath:Lighting FolderGuid:963EC3EB4002CCE9759E2EBA541A873A
 |   |   |- Guid:39C31E314317F033E93B98B0A98D099C NativeClass:/Script/Engine.StaticMeshActor Name:StaticMeshActor_UAID_E89C25DEDC2A425402_1397874828 Label:SM_Cube5 SpatiallyLoaded:true EditorBounds:IsValid=true, Min=(X=0.000 Y=7550.000 Z=-1010.000), Max=(X=3000.000 Y=7650.000 Z=-610.000) RuntimeBounds:IsValid=true, Min=(X=0.000 Y=7550.000 Z=-1010.000), Max=(X=3000.000 Y=7650.000 Z=-610.000) RuntimeGrid:None EditorOnly:false RuntimeOnly:false HLODRelevant:true ListedInSceneOutliner:true IsMainWorldOnly:false FolderPath:Playground FolderGuid:C73F09FC4215536B1DCE2A9E0A830C70
 |   |   |- Guid:3A00AA1C422CE54C0BDB60BAF471BFBB NativeClass:/Script/Engine.PlayerStart Name:PlayerStart_0 Label:PlayerStart SpatiallyLoaded:false EditorBounds:IsValid=true, Min=(X=3702.000 Y=1342.000 Z=864.013), Max=(X=4070.000 Y=1598.000 Z=1120.013) RuntimeBounds:IsValid=true, Min=(X=3790.000 Y=1430.000 Z=900.013), Max=(X=3870.000 Y=1510.000 Z=1084.013) RuntimeGrid:None EditorOnly:false RuntimeOnly:false HLODRelevant:false ListedInSceneOutliner:true IsMainWorldOnly:false
 |   |   |- Guid:4D3BE93F4146AAAC8BBE79999D96D57F NativeClass:/Script/Engine.VolumetricCloud Name:VolumetricCloud_0 Label:VolumetricCloud SpatiallyLoaded:false EditorBounds:IsValid=true, Min=(X=0.000 Y=0.000 Z=820.000), Max=(X=0.000 Y=0.000 Z=820.000) RuntimeBounds:IsValid=true, Min=(X=0.000 Y=0.000 Z=820.000), Max=(X=0.000 Y=0.000 Z=820.000) RuntimeGrid:None EditorOnly:false RuntimeOnly:false HLODRelevant:false ListedInSceneOutliner:true IsMainWorldOnly:false FolderPath:Lighting FolderGuid:963EC3EB4002CCE9759E2EBA541A873A
 |   |   |- Guid:563E46974E6628A9446D719AF03FFB1C NativeClass:/Script/Engine.StaticMeshActor Name:StaticMeshActor_UAID_E89C25DEDC2A415402_1775438644 Label:SM_Cube8 SpatiallyLoaded:true EditorBounds:IsValid=true, Min=(X=-0.000 Y=4260.000 Z=-1010.000), Max=(X=100.000 Y=7560.000 Z=-610.000) RuntimeBounds:IsValid=true, Min=(X=-0.000 Y=4260.000 Z=-1010.000), Max=(X=100.000 Y=7560.000 Z=-610.000) RuntimeGrid:None EditorOnly:false RuntimeOnly:false HLODRelevant:true ListedInSceneOutliner:true IsMainWorldOnly:false FolderPath:Playground FolderGuid:C73F09FC4215536B1DCE2A9E0A830C70
 |   |   |- Guid:5719DCE341EC301C132B97ABDCA66781 NativeClass:/Script/Engine.StaticMeshActor Name:StaticMeshActor_UAID_E89C25DEDC2A415402_1763301643 Label:SM_Cube7 SpatiallyLoaded:true EditorBounds:IsValid=true, Min=(X=2900.000 Y=4330.000 Z=-1010.000), Max=(X=3000.000 Y=7630.000 Z=-610.000) RuntimeBounds:IsValid=true, Min=(X=2900.000 Y=4330.000 Z=-1010.000), Max=(X=3000.000 Y=7630.000 Z=-610.000) RuntimeGrid:None EditorOnly:false RuntimeOnly:false HLODRelevant:true ListedInSceneOutliner:true IsMainWorldOnly:false FolderPath:Playground FolderGuid:C73F09FC4215536B1DCE2A9E0A830C70
 |   |   |- Guid:5B97F4A64FB21F77EFC44386BF705B4C NativeClass:/Script/Engine.TextRenderActor Name:TextRenderActor_1 Label:TextRenderActor SpatiallyLoaded:true EditorBounds:IsValid=true, Min=(X=-128.100 Y=972.000 Z=482.013), Max=(X=127.900 Y=2392.308 Z=738.013) RuntimeBounds:IsValid=true, Min=(X=-0.100 Y=1100.000 Z=535.013), Max=(X=-0.100 Y=2392.308 Z=685.013) RuntimeGrid:None EditorOnly:false RuntimeOnly:false HLODRelevant:false ListedInSceneOutliner:true IsMainWorldOnly:false
 |   |   |- Guid:604AF36E41C775347C97A4B44F5FC884 NativeClass:/Script/Engine.StaticMeshActor Name:StaticMeshActor_UAID_E89C25DEDC2A425402_1530793831 Label:Box4 SpatiallyLoaded:true EditorBounds:IsValid=true, Min=(X=1180.000 Y=6761.708 Z=-1010.000), Max=(X=2180.000 Y=7178.292 Z=-854.056) RuntimeBounds:IsValid=true, Min=(X=1180.000 Y=6761.708 Z=-1010.000), Max=(X=2180.000 Y=7178.292 Z=-854.056) RuntimeGrid:None EditorOnly:false RuntimeOnly:false HLODRelevant:true ListedInSceneOutliner:true IsMainWorldOnly:false
 |   |   |- Guid:6561487143F1D810494177ACE401B917 NativeClass:/Script/Engine.StaticMeshActor Name:StaticMeshActor_UAID_E89C25DEDC2A425402_1257481826 Label:Disc SpatiallyLoaded:true EditorBounds:IsValid=true, Min=(X=3511.541 Y=1148.212 Z=890.739), Max=(X=4018.109 Y=1654.780 Z=890.739) RuntimeBounds:IsValid=true, Min=(X=3511.541 Y=1148.212 Z=890.739), Max=(X=4018.109 Y=1654.780 Z=890.739) RuntimeGrid:None EditorOnly:false RuntimeOnly:false HLODRelevant:true ListedInSceneOutliner:true IsMainWorldOnly:false
 |   |   |- Guid:68BFC3F54F1B68E6C08AE392EC972EA3 NativeClass:/Script/Engine.StaticMeshActor Name:StaticMeshActor_UAID_E89C25DEDC2A425402_1790227834 Label:Stairs3 SpatiallyLoaded:true EditorBounds:IsValid=true, Min=(X=810.000 Y=2462.728 Z=-1010.000), Max=(X=1810.000 Y=4337.272 Z=122.880) RuntimeBounds:IsValid=true, Min=(X=810.000 Y=2462.728 Z=-1010.000), Max=(X=1810.000 Y=4337.272 Z=122.880) RuntimeGrid:None EditorOnly:false RuntimeOnly:false HLODRelevant:true ListedInSceneOutliner:true IsMainWorldOnly:false
 |   |   |- Guid:699D25F2437E3C2C3482469653FE78AD NativeClass:/Script/Engine.StaticMeshActor Name:StaticMeshActor_UAID_6C6A77E26A5D0C5602_1971336423 Label:Plane SpatiallyLoaded:true EditorBounds:IsValid=true, Min=(X=4225.375 Y=927.014 Z=886.816), Max=(X=4225.375 Y=1877.014 Z=1286.816) RuntimeBounds:IsValid=true, Min=(X=4225.375 Y=927.014 Z=886.816), Max=(X=4225.375 Y=1877.014 Z=1286.816) RuntimeGrid:None EditorOnly:false RuntimeOnly:false HLODRelevant:true ListedInSceneOutliner:true IsMainWorldOnly:false
 |   |   |- Guid:6BAF4DDD444C60371492D3919DB42C97 NativeClass:/Script/Engine.WorldDataLayers Name:WorldDataLayers Label:WorldDataLayers SpatiallyLoaded:false EditorBounds:IsValid=true, Min=(X=0.000 Y=0.000 Z=0.000), Max=(X=0.000 Y=0.000 Z=0.000) RuntimeBounds:IsValid=true, Min=(X=0.000 Y=0.000 Z=0.000), Max=(X=0.000 Y=0.000 Z=0.000) RuntimeGrid:None EditorOnly:false RuntimeOnly:false HLODRelevant:false ListedInSceneOutliner:true IsMainWorldOnly:true
 |   |   |- Guid:748DA5F64161C8BB9108B6B76C0A5AA0 NativeClass:/Script/Engine.StaticMeshActor Name:StaticMeshActor_UAID_E89C25DEDC2A415402_1781470645 Label:SM_Cube4 SpatiallyLoaded:true EditorBounds:IsValid=true, Min=(X=-380.000 Y=2540.000 Z=0.000), Max=(X=2620.000 Y=2640.000 Z=400.000) RuntimeBounds:IsValid=true, Min=(X=-380.000 Y=2540.000 Z=0.000), Max=(X=2620.000 Y=2640.000 Z=400.000) RuntimeGrid:None EditorOnly:false RuntimeOnly:false HLODRelevant:true ListedInSceneOutliner:true IsMainWorldOnly:false FolderPath:Playground FolderGuid:C73F09FC4215536B1DCE2A9E0A830C70
 |   |   |- Guid:A5C62E5A49F6E56A806A39AF10005612 NativeClass:/Script/Engine.StaticMeshActor Name:StaticMeshActor_UAID_E89C25DEDC2A415402_1466214641 Label:SM_Cube14 SpatiallyLoaded:true EditorBounds:IsValid=true, Min=(X=0.000 Y=4170.000 Z=-1060.000), Max=(X=3000.000 Y=7670.000 Z=-1010.000) RuntimeBounds:IsValid=true, Min=(X=0.000 Y=4170.000 Z=-1060.000), Max=(X=3000.000 Y=7670.000 Z=-1010.000) RuntimeGrid:None EditorOnly:false RuntimeOnly:false HLODRelevant:true ListedInSceneOutliner:true IsMainWorldOnly:false FolderPath:Playground FolderGuid:C73F09FC4215536B1DCE2A9E0A830C70
 |   |   |- Guid:ACA48A7448992A1703CB9ABD52787987 NativeClass:/Script/Engine.StaticMeshActor Name:StaticMeshActor_UAID_E89C25DEDC2A425402_1219122824 Label:Box SpatiallyLoaded:true EditorBounds:IsValid=true, Min=(X=3958.471 Y=1561.834 Z=890.370), Max=(X=4136.343 Y=1819.626 Z=940.370) RuntimeBounds:IsValid=true, Min=(X=3958.471 Y=1561.834 Z=890.370), Max=(X=4136.343 Y=1819.626 Z=940.370) RuntimeGrid:None EditorOnly:false RuntimeOnly:false HLODRelevant:true ListedInSceneOutliner:true IsMainWorldOnly:false
 |   |   |- Guid:B57400EA416CB46897BA2F88473481B8 NativeClass:/Script/Engine.StaticMeshActor Name:StaticMeshActor_UAID_E89C25DEDC2A425402_1246532825 Label:Box2 SpatiallyLoaded:true EditorBounds:IsValid=true, Min=(X=4095.497 Y=1026.536 Z=880.000), Max=(X=4164.503 Y=1173.464 Z=960.994) RuntimeBounds:IsValid=true, Min=(X=4095.497 Y=1026.536 Z=880.000), Max=(X=4164.503 Y=1173.464 Z=960.994) RuntimeGrid:None EditorOnly:false RuntimeOnly:false HLODRelevant:true ListedInSceneOutliner:true IsMainWorldOnly:false
 |   |   |- Guid:B785ED2844B84CFB91E7F39FE661CD99 NativeClass:/Script/Engine.DirectionalLight Name:DirectionalLight_0 Label:DirectionalLight SpatiallyLoaded:false EditorBounds:IsValid=true, Min=(X=-1048576.000 Y=-1048576.000 Z=-1048576.000), Max=(X=1048576.000 Y=1048576.000 Z=1048576.000) RuntimeBounds:IsValid=true, Min=(X=-1048576.000 Y=-1048576.000 Z=-1048576.000), Max=(X=1048576.000 Y=1048576.000 Z=1048576.000) RuntimeGrid:None EditorOnly:false RuntimeOnly:false HLODRelevant:false ListedInSceneOutliner:true IsMainWorldOnly:false FolderPath:Lighting FolderGuid:963EC3EB4002CCE9759E2EBA541A873A
 |   |   |- Guid:CB3EC7474181ACC74A3399BE4D867C70 NativeClass:/Script/Engine.StaticMeshActor Name:StaticMeshActor_UAID_E89C25DEDC2A415402_1838931646 Label:SM_Cube9 SpatiallyLoaded:true EditorBounds:IsValid=true, Min=(X=3400.000 Y=950.000 Z=860.000), Max=(X=4231.032 Y=1875.000 Z=889.493) RuntimeBounds:IsValid=true, Min=(X=3400.000 Y=950.000 Z=860.000), Max=(X=4231.032 Y=1875.000 Z=889.493) RuntimeGrid:None EditorOnly:false RuntimeOnly:false HLODRelevant:true ListedInSceneOutliner:true IsMainWorldOnly:false FolderPath:Playground FolderGuid:C73F09FC4215536B1DCE2A9E0A830C70
 |   |   |- Guid:CCFF262C46EEFFDF319E7F9539CE697E NativeClass:/Script/Engine.SkyAtmosphere Name:SkyAtmosphere_0 Label:SkyAtmosphere SpatiallyLoaded:false EditorBounds:IsValid=true, Min=(X=0.000 Y=0.000 Z=1020.000), Max=(X=0.000 Y=0.000 Z=1020.000) RuntimeBounds:IsValid=true, Min=(X=0.000 Y=0.000 Z=1020.000), Max=(X=0.000 Y=0.000 Z=1020.000) RuntimeGrid:None EditorOnly:false RuntimeOnly:false HLODRelevant:false ListedInSceneOutliner:true IsMainWorldOnly:false FolderPath:Lighting FolderGuid:963EC3EB4002CCE9759E2EBA541A873A
 |   |   |- Guid:D95BD87E435DA24654173CB331A602B3 NativeClass:/Script/Engine.StaticMeshActor Name:StaticMeshActor_UAID_E89C25DEDC2A425402_1489908830 Label:Stairs2 SpatiallyLoaded:true EditorBounds:IsValid=true, Min=(X=1190.000 Y=6440.200 Z=-1010.000), Max=(X=2190.000 Y=6899.800 Z=-928.080) RuntimeBounds:IsValid=true, Min=(X=1190.000 Y=6440.200 Z=-1010.000), Max=(X=2190.000 Y=6899.800 Z=-928.080) RuntimeGrid:None EditorOnly:false RuntimeOnly:false HLODRelevant:true ListedInSceneOutliner:true IsMainWorldOnly:false
 |   |   |- Guid:EC4E0C944CE6AC6E784BC6BB2916EA13 NativeClass:/Script/Engine.StaticMeshActor Name:StaticMeshActor_UAID_A4AE111137DC5EFB00_1110535423 Label:SM_SkySphere SpatiallyLoaded:false EditorBounds:IsValid=true, Min=(X=-1638400.000 Y=-1638740.000 Z=-1637760.000), Max=(X=1638400.000 Y=1638060.000 Z=1639040.000) RuntimeBounds:IsValid=true, Min=(X=-1638400.000 Y=-1638740.000 Z=-1637760.000), Max=(X=1638400.000 Y=1638060.000 Z=1639040.000) RuntimeGrid:None EditorOnly:false RuntimeOnly:false HLODRelevant:false ListedInSceneOutliner:true IsMainWorldOnly:false FolderPath:Lighting FolderGuid:963EC3EB4002CCE9759E2EBA541A873A
 |   |   |- Guid:F1924B8D48954B30891B2DB6A694F9CC NativeClass:/Script/Engine.StaticMeshActor Name:StaticMeshActor_1 Label:SM_Cube SpatiallyLoaded:true EditorBounds:IsValid=true, Min=(X=-690.000 Y=251.606 Z=-50.000), Max=(X=2835.000 Y=2650.000 Z=0.357) RuntimeBounds:IsValid=true, Min=(X=-690.000 Y=251.606 Z=-50.000), Max=(X=2835.000 Y=2650.000 Z=0.357) RuntimeGrid:None EditorOnly:false RuntimeOnly:false HLODRelevant:true ListedInSceneOutliner:true IsMainWorldOnly:false FolderPath:Playground FolderGuid:C73F09FC4215536B1DCE2A9E0A830C70
 |   |   |- Guid:F5E3FEB3450C49844FD93DA8E083C8AD NativeClass:/Script/Engine.PostProcessVolume Name:PostProcessVolume_0 Label:PostProcessVolume SpatiallyLoaded:false EditorBounds:IsValid=true, Min=(X=0.000 Y=0.000 Z=400.000), Max=(X=200.000 Y=200.000 Z=600.000) RuntimeBounds:IsValid=true, Min=(X=0.000 Y=0.000 Z=400.000), Max=(X=200.000 Y=200.000 Z=600.000) RuntimeGrid:None EditorOnly:false RuntimeOnly:false HLODRelevant:false ListedInSceneOutliner:true IsMainWorldOnly:false FolderPath:Lighting FolderGuid:963EC3EB4002CCE9759E2EBA541A873A
 |   |   |- Guid:FF698C67459ADB4982D7759C0905EE9F NativeClass:/Script/Engine.StaticMeshActor Name:StaticMeshActor_6 Label:SM_Cube3 SpatiallyLoaded:true EditorBounds:IsValid=true, Min=(X=-360.000 Y=170.000 Z=0.000), Max=(X=2640.000 Y=270.000 Z=400.000) RuntimeBounds:IsValid=true, Min=(X=-360.000 Y=170.000 Z=0.000), Max=(X=2640.000 Y=270.000 Z=400.000) RuntimeGrid:None EditorOnly:false RuntimeOnly:false HLODRelevant:true ListedInSceneOutliner:true IsMainWorldOnly:false FolderPath:Playground FolderGuid:C73F09FC4215536B1DCE2A9E0A830C70
 |   |- [+] Clusters:
 |   |   |- [+] [  0]
 |   |   |   |- Guid:12ACF9E84ACA08D0297B178C4E779CFF NativeClass:/Script/Engine.StaticMeshActor Name:StaticMeshActor_UAID_E89C25DEDC2A425402_1431698829 Label:Box3 SpatiallyLoaded:true EditorBounds:IsValid=true, Min=(X=1530.080 Y=7085.984 Z=-870.000), Max=(X=1789.920 Y=7154.016 Z=-442.328) RuntimeBounds:IsValid=true, Min=(X=1530.080 Y=7085.984 Z=-870.000), Max=(X=1789.920 Y=7154.016 Z=-442.328) RuntimeGrid:None EditorOnly:false RuntimeOnly:false HLODRelevant:true ListedInSceneOutliner:true IsMainWorldOnly:false
 |   |   |- [+] [  1]
 |   |   |   |- Guid:1AF41CDC4AAACE2A0A38079DCB49F803 NativeClass:/Script/Engine.StaticMeshActor Name:StaticMeshActor_UAID_6C6A77E26A5DBE5502_2062523695 Label:Stairs SpatiallyLoaded:true EditorBounds:IsValid=true, Min=(X=2630.000 Y=1355.000 Z=390.000), Max=(X=3410.000 Y=1505.000 Z=910.000) RuntimeBounds:IsValid=true, Min=(X=2630.000 Y=1355.000 Z=390.000), Max=(X=3410.000 Y=1505.000 Z=910.000) RuntimeGrid:None EditorOnly:false RuntimeOnly:false HLODRelevant:true ListedInSceneOutliner:true IsMainWorldOnly:false
 |   |   |- [+] [  2]
 |   |   |   |- Guid:2FB58999456391D349DC0F86DAC136ED NativeClass:/Script/Engine.SkyLight Name:SkyLight_1 Label:SkyLight SpatiallyLoaded:false EditorBounds:IsValid=true, Min=(X=0.000 Y=0.000 Z=690.000), Max=(X=0.000 Y=0.000 Z=690.000) RuntimeBounds:IsValid=true, Min=(X=0.000 Y=0.000 Z=690.000), Max=(X=0.000 Y=0.000 Z=690.000) RuntimeGrid:None EditorOnly:false RuntimeOnly:false HLODRelevant:false ListedInSceneOutliner:true IsMainWorldOnly:false FolderPath:Lighting FolderGuid:963EC3EB4002CCE9759E2EBA541A873A
 |   |   |- [+] [  3]
 |   |   |   |- Guid:316CF2A6494ACA4C0E4180A87D36AB8F NativeClass:/Script/Engine.ExponentialHeightFog Name:ExponentialHeightFog_0 Label:ExponentialHeightFog SpatiallyLoaded:false EditorBounds:IsValid=true, Min=(X=-5600.000 Y=-50.000 Z=-6850.000), Max=(X=-5600.000 Y=-50.000 Z=-6850.000) RuntimeBounds:IsValid=true, Min=(X=-5600.000 Y=-50.000 Z=-6850.000), Max=(X=-5600.000 Y=-50.000 Z=-6850.000) RuntimeGrid:None EditorOnly:false RuntimeOnly:false HLODRelevant:false ListedInSceneOutliner:true IsMainWorldOnly:false FolderPath:Lighting FolderGuid:963EC3EB4002CCE9759E2EBA541A873A
 |   |   |- [+] [  4]
 |   |   |   |- Guid:39C31E314317F033E93B98B0A98D099C NativeClass:/Script/Engine.StaticMeshActor Name:StaticMeshActor_UAID_E89C25DEDC2A425402_1397874828 Label:SM_Cube5 SpatiallyLoaded:true EditorBounds:IsValid=true, Min=(X=0.000 Y=7550.000 Z=-1010.000), Max=(X=3000.000 Y=7650.000 Z=-610.000) RuntimeBounds:IsValid=true, Min=(X=0.000 Y=7550.000 Z=-1010.000), Max=(X=3000.000 Y=7650.000 Z=-610.000) RuntimeGrid:None EditorOnly:false RuntimeOnly:false HLODRelevant:true ListedInSceneOutliner:true IsMainWorldOnly:false FolderPath:Playground FolderGuid:C73F09FC4215536B1DCE2A9E0A830C70
 |   |   |- [+] [  5]
 |   |   |   |- Guid:3A00AA1C422CE54C0BDB60BAF471BFBB NativeClass:/Script/Engine.PlayerStart Name:PlayerStart_0 Label:PlayerStart SpatiallyLoaded:false EditorBounds:IsValid=true, Min=(X=3702.000 Y=1342.000 Z=864.013), Max=(X=4070.000 Y=1598.000 Z=1120.013) RuntimeBounds:IsValid=true, Min=(X=3790.000 Y=1430.000 Z=900.013), Max=(X=3870.000 Y=1510.000 Z=1084.013) RuntimeGrid:None EditorOnly:false RuntimeOnly:false HLODRelevant:false ListedInSceneOutliner:true IsMainWorldOnly:false
 |   |   |- [+] [  6]
 |   |   |   |- Guid:4D3BE93F4146AAAC8BBE79999D96D57F NativeClass:/Script/Engine.VolumetricCloud Name:VolumetricCloud_0 Label:VolumetricCloud SpatiallyLoaded:false EditorBounds:IsValid=true, Min=(X=0.000 Y=0.000 Z=820.000), Max=(X=0.000 Y=0.000 Z=820.000) RuntimeBounds:IsValid=true, Min=(X=0.000 Y=0.000 Z=820.000), Max=(X=0.000 Y=0.000 Z=820.000) RuntimeGrid:None EditorOnly:false RuntimeOnly:false HLODRelevant:false ListedInSceneOutliner:true IsMainWorldOnly:false FolderPath:Lighting FolderGuid:963EC3EB4002CCE9759E2EBA541A873A
 |   |   |- [+] [  7]
 |   |   |   |- Guid:563E46974E6628A9446D719AF03FFB1C NativeClass:/Script/Engine.StaticMeshActor Name:StaticMeshActor_UAID_E89C25DEDC2A415402_1775438644 Label:SM_Cube8 SpatiallyLoaded:true EditorBounds:IsValid=true, Min=(X=-0.000 Y=4260.000 Z=-1010.000), Max=(X=100.000 Y=7560.000 Z=-610.000) RuntimeBounds:IsValid=true, Min=(X=-0.000 Y=4260.000 Z=-1010.000), Max=(X=100.000 Y=7560.000 Z=-610.000) RuntimeGrid:None EditorOnly:false RuntimeOnly:false HLODRelevant:true ListedInSceneOutliner:true IsMainWorldOnly:false FolderPath:Playground FolderGuid:C73F09FC4215536B1DCE2A9E0A830C70
 |   |   |- [+] [  8]
 |   |   |   |- Guid:5719DCE341EC301C132B97ABDCA66781 NativeClass:/Script/Engine.StaticMeshActor Name:StaticMeshActor_UAID_E89C25DEDC2A415402_1763301643 Label:SM_Cube7 SpatiallyLoaded:true EditorBounds:IsValid=true, Min=(X=2900.000 Y=4330.000 Z=-1010.000), Max=(X=3000.000 Y=7630.000 Z=-610.000) RuntimeBounds:IsValid=true, Min=(X=2900.000 Y=4330.000 Z=-1010.000), Max=(X=3000.000 Y=7630.000 Z=-610.000) RuntimeGrid:None EditorOnly:false RuntimeOnly:false HLODRelevant:true ListedInSceneOutliner:true IsMainWorldOnly:false FolderPath:Playground FolderGuid:C73F09FC4215536B1DCE2A9E0A830C70
 |   |   |- [+] [  9]
 |   |   |   |- Guid:5B97F4A64FB21F77EFC44386BF705B4C NativeClass:/Script/Engine.TextRenderActor Name:TextRenderActor_1 Label:TextRenderActor SpatiallyLoaded:true EditorBounds:IsValid=true, Min=(X=-128.100 Y=972.000 Z=482.013), Max=(X=127.900 Y=2392.308 Z=738.013) RuntimeBounds:IsValid=true, Min=(X=-0.100 Y=1100.000 Z=535.013), Max=(X=-0.100 Y=2392.308 Z=685.013) RuntimeGrid:None EditorOnly:false RuntimeOnly:false HLODRelevant:false ListedInSceneOutliner:true IsMainWorldOnly:false
 |   |   |- [+] [ 10]
 |   |   |   |- Guid:604AF36E41C775347C97A4B44F5FC884 NativeClass:/Script/Engine.StaticMeshActor Name:StaticMeshActor_UAID_E89C25DEDC2A425402_1530793831 Label:Box4 SpatiallyLoaded:true EditorBounds:IsValid=true, Min=(X=1180.000 Y=6761.708 Z=-1010.000), Max=(X=2180.000 Y=7178.292 Z=-854.056) RuntimeBounds:IsValid=true, Min=(X=1180.000 Y=6761.708 Z=-1010.000), Max=(X=2180.000 Y=7178.292 Z=-854.056) RuntimeGrid:None EditorOnly:false RuntimeOnly:false HLODRelevant:true ListedInSceneOutliner:true IsMainWorldOnly:false
 |   |   |- [+] [ 11]
 |   |   |   |- Guid:6561487143F1D810494177ACE401B917 NativeClass:/Script/Engine.StaticMeshActor Name:StaticMeshActor_UAID_E89C25DEDC2A425402_1257481826 Label:Disc SpatiallyLoaded:true EditorBounds:IsValid=true, Min=(X=3511.541 Y=1148.212 Z=890.739), Max=(X=4018.109 Y=1654.780 Z=890.739) RuntimeBounds:IsValid=true, Min=(X=3511.541 Y=1148.212 Z=890.739), Max=(X=4018.109 Y=1654.780 Z=890.739) RuntimeGrid:None EditorOnly:false RuntimeOnly:false HLODRelevant:true ListedInSceneOutliner:true IsMainWorldOnly:false
 |   |   |- [+] [ 12]
 |   |   |   |- Guid:68BFC3F54F1B68E6C08AE392EC972EA3 NativeClass:/Script/Engine.StaticMeshActor Name:StaticMeshActor_UAID_E89C25DEDC2A425402_1790227834 Label:Stairs3 SpatiallyLoaded:true EditorBounds:IsValid=true, Min=(X=810.000 Y=2462.728 Z=-1010.000), Max=(X=1810.000 Y=4337.272 Z=122.880) RuntimeBounds:IsValid=true, Min=(X=810.000 Y=2462.728 Z=-1010.000), Max=(X=1810.000 Y=4337.272 Z=122.880) RuntimeGrid:None EditorOnly:false RuntimeOnly:false HLODRelevant:true ListedInSceneOutliner:true IsMainWorldOnly:false
 |   |   |- [+] [ 13]
 |   |   |   |- Guid:699D25F2437E3C2C3482469653FE78AD NativeClass:/Script/Engine.StaticMeshActor Name:StaticMeshActor_UAID_6C6A77E26A5D0C5602_1971336423 Label:Plane SpatiallyLoaded:true EditorBounds:IsValid=true, Min=(X=4225.375 Y=927.014 Z=886.816), Max=(X=4225.375 Y=1877.014 Z=1286.816) RuntimeBounds:IsValid=true, Min=(X=4225.375 Y=927.014 Z=886.816), Max=(X=4225.375 Y=1877.014 Z=1286.816) RuntimeGrid:None EditorOnly:false RuntimeOnly:false HLODRelevant:true ListedInSceneOutliner:true IsMainWorldOnly:false
 |   |   |- [+] [ 14]
 |   |   |   |- Guid:6BAF4DDD444C60371492D3919DB42C97 NativeClass:/Script/Engine.WorldDataLayers Name:WorldDataLayers Label:WorldDataLayers SpatiallyLoaded:false EditorBounds:IsValid=true, Min=(X=0.000 Y=0.000 Z=0.000), Max=(X=0.000 Y=0.000 Z=0.000) RuntimeBounds:IsValid=true, Min=(X=0.000 Y=0.000 Z=0.000), Max=(X=0.000 Y=0.000 Z=0.000) RuntimeGrid:None EditorOnly:false RuntimeOnly:false HLODRelevant:false ListedInSceneOutliner:true IsMainWorldOnly:true
 |   |   |- [+] [ 15]
 |   |   |   |- Guid:748DA5F64161C8BB9108B6B76C0A5AA0 NativeClass:/Script/Engine.StaticMeshActor Name:StaticMeshActor_UAID_E89C25DEDC2A415402_1781470645 Label:SM_Cube4 SpatiallyLoaded:true EditorBounds:IsValid=true, Min=(X=-380.000 Y=2540.000 Z=0.000), Max=(X=2620.000 Y=2640.000 Z=400.000) RuntimeBounds:IsValid=true, Min=(X=-380.000 Y=2540.000 Z=0.000), Max=(X=2620.000 Y=2640.000 Z=400.000) RuntimeGrid:None EditorOnly:false RuntimeOnly:false HLODRelevant:true ListedInSceneOutliner:true IsMainWorldOnly:false FolderPath:Playground FolderGuid:C73F09FC4215536B1DCE2A9E0A830C70
 |   |   |- [+] [ 16]
 |   |   |   |- Guid:A5C62E5A49F6E56A806A39AF10005612 NativeClass:/Script/Engine.StaticMeshActor Name:StaticMeshActor_UAID_E89C25DEDC2A415402_1466214641 Label:SM_Cube14 SpatiallyLoaded:true EditorBounds:IsValid=true, Min=(X=0.000 Y=4170.000 Z=-1060.000), Max=(X=3000.000 Y=7670.000 Z=-1010.000) RuntimeBounds:IsValid=true, Min=(X=0.000 Y=4170.000 Z=-1060.000), Max=(X=3000.000 Y=7670.000 Z=-1010.000) RuntimeGrid:None EditorOnly:false RuntimeOnly:false HLODRelevant:true ListedInSceneOutliner:true IsMainWorldOnly:false FolderPath:Playground FolderGuid:C73F09FC4215536B1DCE2A9E0A830C70
 |   |   |- [+] [ 17]
 |   |   |   |- Guid:ACA48A7448992A1703CB9ABD52787987 NativeClass:/Script/Engine.StaticMeshActor Name:StaticMeshActor_UAID_E89C25DEDC2A425402_1219122824 Label:Box SpatiallyLoaded:true EditorBounds:IsValid=true, Min=(X=3958.471 Y=1561.834 Z=890.370), Max=(X=4136.343 Y=1819.626 Z=940.370) RuntimeBounds:IsValid=true, Min=(X=3958.471 Y=1561.834 Z=890.370), Max=(X=4136.343 Y=1819.626 Z=940.370) RuntimeGrid:None EditorOnly:false RuntimeOnly:false HLODRelevant:true ListedInSceneOutliner:true IsMainWorldOnly:false
 |   |   |- [+] [ 18]
 |   |   |   |- Guid:B57400EA416CB46897BA2F88473481B8 NativeClass:/Script/Engine.StaticMeshActor Name:StaticMeshActor_UAID_E89C25DEDC2A425402_1246532825 Label:Box2 SpatiallyLoaded:true EditorBounds:IsValid=true, Min=(X=4095.497 Y=1026.536 Z=880.000), Max=(X=4164.503 Y=1173.464 Z=960.994) RuntimeBounds:IsValid=true, Min=(X=4095.497 Y=1026.536 Z=880.000), Max=(X=4164.503 Y=1173.464 Z=960.994) RuntimeGrid:None EditorOnly:false RuntimeOnly:false HLODRelevant:true ListedInSceneOutliner:true IsMainWorldOnly:false
 |   |   |- [+] [ 19]
 |   |   |   |- Guid:B785ED2844B84CFB91E7F39FE661CD99 NativeClass:/Script/Engine.DirectionalLight Name:DirectionalLight_0 Label:DirectionalLight SpatiallyLoaded:false EditorBounds:IsValid=true, Min=(X=-1048576.000 Y=-1048576.000 Z=-1048576.000), Max=(X=1048576.000 Y=1048576.000 Z=1048576.000) RuntimeBounds:IsValid=true, Min=(X=-1048576.000 Y=-1048576.000 Z=-1048576.000), Max=(X=1048576.000 Y=1048576.000 Z=1048576.000) RuntimeGrid:None EditorOnly:false RuntimeOnly:false HLODRelevant:false ListedInSceneOutliner:true IsMainWorldOnly:false FolderPath:Lighting FolderGuid:963EC3EB4002CCE9759E2EBA541A873A
 |   |   |- [+] [ 20]
 |   |   |   |- Guid:CB3EC7474181ACC74A3399BE4D867C70 NativeClass:/Script/Engine.StaticMeshActor Name:StaticMeshActor_UAID_E89C25DEDC2A415402_1838931646 Label:SM_Cube9 SpatiallyLoaded:true EditorBounds:IsValid=true, Min=(X=3400.000 Y=950.000 Z=860.000), Max=(X=4231.032 Y=1875.000 Z=889.493) RuntimeBounds:IsValid=true, Min=(X=3400.000 Y=950.000 Z=860.000), Max=(X=4231.032 Y=1875.000 Z=889.493) RuntimeGrid:None EditorOnly:false RuntimeOnly:false HLODRelevant:true ListedInSceneOutliner:true IsMainWorldOnly:false FolderPath:Playground FolderGuid:C73F09FC4215536B1DCE2A9E0A830C70
 |   |   |- [+] [ 21]
 |   |   |   |- Guid:CCFF262C46EEFFDF319E7F9539CE697E NativeClass:/Script/Engine.SkyAtmosphere Name:SkyAtmosphere_0 Label:SkyAtmosphere SpatiallyLoaded:false EditorBounds:IsValid=true, Min=(X=0.000 Y=0.000 Z=1020.000), Max=(X=0.000 Y=0.000 Z=1020.000) RuntimeBounds:IsValid=true, Min=(X=0.000 Y=0.000 Z=1020.000), Max=(X=0.000 Y=0.000 Z=1020.000) RuntimeGrid:None EditorOnly:false RuntimeOnly:false HLODRelevant:false ListedInSceneOutliner:true IsMainWorldOnly:false FolderPath:Lighting FolderGuid:963EC3EB4002CCE9759E2EBA541A873A
 |   |   |- [+] [ 22]
 |   |   |   |- Guid:D95BD87E435DA24654173CB331A602B3 NativeClass:/Script/Engine.StaticMeshActor Name:StaticMeshActor_UAID_E89C25DEDC2A425402_1489908830 Label:Stairs2 SpatiallyLoaded:true EditorBounds:IsValid=true, Min=(X=1190.000 Y=6440.200 Z=-1010.000), Max=(X=2190.000 Y=6899.800 Z=-928.080) RuntimeBounds:IsValid=true, Min=(X=1190.000 Y=6440.200 Z=-1010.000), Max=(X=2190.000 Y=6899.800 Z=-928.080) RuntimeGrid:None EditorOnly:false RuntimeOnly:false HLODRelevant:true ListedInSceneOutliner:true IsMainWorldOnly:false
 |   |   |- [+] [ 23]
 |   |   |   |- Guid:EC4E0C944CE6AC6E784BC6BB2916EA13 NativeClass:/Script/Engine.StaticMeshActor Name:StaticMeshActor_UAID_A4AE111137DC5EFB00_1110535423 Label:SM_SkySphere SpatiallyLoaded:false EditorBounds:IsValid=true, Min=(X=-1638400.000 Y=-1638740.000 Z=-1637760.000), Max=(X=1638400.000 Y=1638060.000 Z=1639040.000) RuntimeBounds:IsValid=true, Min=(X=-1638400.000 Y=-1638740.000 Z=-1637760.000), Max=(X=1638400.000 Y=1638060.000 Z=1639040.000) RuntimeGrid:None EditorOnly:false RuntimeOnly:false HLODRelevant:false ListedInSceneOutliner:true IsMainWorldOnly:false FolderPath:Lighting FolderGuid:963EC3EB4002CCE9759E2EBA541A873A
 |   |   |- [+] [ 24]
 |   |   |   |- Guid:F1924B8D48954B30891B2DB6A694F9CC NativeClass:/Script/Engine.StaticMeshActor Name:StaticMeshActor_1 Label:SM_Cube SpatiallyLoaded:true EditorBounds:IsValid=true, Min=(X=-690.000 Y=251.606 Z=-50.000), Max=(X=2835.000 Y=2650.000 Z=0.357) RuntimeBounds:IsValid=true, Min=(X=-690.000 Y=251.606 Z=-50.000), Max=(X=2835.000 Y=2650.000 Z=0.357) RuntimeGrid:None EditorOnly:false RuntimeOnly:false HLODRelevant:true ListedInSceneOutliner:true IsMainWorldOnly:false FolderPath:Playground FolderGuid:C73F09FC4215536B1DCE2A9E0A830C70
 |   |   |- [+] [ 25]
 |   |   |   |- Guid:F5E3FEB3450C49844FD93DA8E083C8AD NativeClass:/Script/Engine.PostProcessVolume Name:PostProcessVolume_0 Label:PostProcessVolume SpatiallyLoaded:false EditorBounds:IsValid=true, Min=(X=0.000 Y=0.000 Z=400.000), Max=(X=200.000 Y=200.000 Z=600.000) RuntimeBounds:IsValid=true, Min=(X=0.000 Y=0.000 Z=400.000), Max=(X=200.000 Y=200.000 Z=600.000) RuntimeGrid:None EditorOnly:false RuntimeOnly:false HLODRelevant:false ListedInSceneOutliner:true IsMainWorldOnly:false FolderPath:Lighting FolderGuid:963EC3EB4002CCE9759E2EBA541A873A
 |   |   |- [+] [ 26]
 |   |   |   |- Guid:FF698C67459ADB4982D7759C0905EE9F NativeClass:/Script/Engine.StaticMeshActor Name:StaticMeshActor_6 Label:SM_Cube3 SpatiallyLoaded:true EditorBounds:IsValid=true, Min=(X=-360.000 Y=170.000 Z=0.000), Max=(X=2640.000 Y=270.000 Z=400.000) RuntimeBounds:IsValid=true, Min=(X=-360.000 Y=170.000 Z=0.000), Max=(X=2640.000 Y=270.000 Z=400.000) RuntimeGrid:None EditorOnly:false RuntimeOnly:false HLODRelevant:true ListedInSceneOutliner:true IsMainWorldOnly:false FolderPath:Playground FolderGuid:C73F09FC4215536B1DCE2A9E0A830C70
 |- ContainerInstances:
 |- [+] MainContainer:
 |   |-        ID: 00000000000000000000000000000000
 |   |-  ParentID: 00000000000000000000000000000000
 |   |-    Bounds: IsValid=false, Min=(X=0.000 Y=0.000 Z=0.000), Max=(X=0.000 Y=0.000 Z=0.000)
 |   |- Transform: 0.000000,0.000000,0.000000|0.000000,0.000000,-0.000000|1.000000,1.000000,1.000000
 |   |- Container: /Game/ThirdPerson/Maps/ThirdPersonMap
----------------------------------------------------------------------------------------------------------------
ThirdPersonMap - Persistent Level
----------------------------------------------------------------------------------------------------------------
[+] Content of ThirdPersonMap Persistent Level
 |- Always loaded Actor Count: 27 
 |- Actor Path: /Game/ThirdPerson/Maps/ThirdPersonMap.ThirdPersonMap:PersistentLevel.DirectionalLight_0
 |- Actor Package: /Game/__ExternalActors__/ThirdPerson/Maps/ThirdPersonMap/5/R1/TS5OQ5CRUWFZYL1ZQ7I416
 |- Actor Path: /Game/ThirdPerson/Maps/ThirdPersonMap.ThirdPersonMap:PersistentLevel.ExponentialHeightFog_0
 |- Actor Package: /Game/__ExternalActors__/ThirdPerson/Maps/ThirdPersonMap/6/J7/N10XDC9G27EMLS5AGZ6AVV
 |- Actor Path: /Game/ThirdPerson/Maps/ThirdPersonMap.ThirdPersonMap:PersistentLevel.PlayerStart_0
 |- Actor Package: /Game/__ExternalActors__/ThirdPerson/Maps/ThirdPersonMap/D/DE/SWSI13675DVYIZ0N4NF7Y3
 |- Actor Path: /Game/ThirdPerson/Maps/ThirdPersonMap.ThirdPersonMap:PersistentLevel.PostProcessVolume_0
 |- Actor Package: /Game/__ExternalActors__/ThirdPerson/Maps/ThirdPersonMap/1/AZ/A7GPT109Y6ZTTJD4A7TXER
 |- Actor Path: /Game/ThirdPerson/Maps/ThirdPersonMap.ThirdPersonMap:PersistentLevel.SkyAtmosphere_0
 |- Actor Package: /Game/__ExternalActors__/ThirdPerson/Maps/ThirdPersonMap/4/LN/30UBDLYFFA5ZR7U4W4L4GG
 |- Actor Path: /Game/ThirdPerson/Maps/ThirdPersonMap.ThirdPersonMap:PersistentLevel.SkyLight_1
 |- Actor Package: /Game/__ExternalActors__/ThirdPerson/Maps/ThirdPersonMap/8/S1/DXUWD12MD3HRWVVXX076BY
 |- Actor Path: /Game/ThirdPerson/Maps/ThirdPersonMap.ThirdPersonMap:PersistentLevel.StaticMeshActor_1
 |- Actor Package: /Game/__ExternalActors__/ThirdPerson/Maps/ThirdPersonMap/6/YO/NG2R9BPZVA7ZDN0Z4VSTG6
 |- Actor Path: /Game/ThirdPerson/Maps/ThirdPersonMap.ThirdPersonMap:PersistentLevel.StaticMeshActor_6
 |- Actor Package: /Game/__ExternalActors__/ThirdPerson/Maps/ThirdPersonMap/D/0G/JNKFA4X9LRMSF343ESPF6Q
 |- Actor Path: /Game/ThirdPerson/Maps/ThirdPersonMap.ThirdPersonMap:PersistentLevel.StaticMeshActor_UAID_6C6A77E26A5D0C5602_1971336423
 |- Actor Package: /Game/__ExternalActors__/ThirdPerson/Maps/ThirdPersonMap/4/RC/KA2IKIDIE8PX9YZ4ETHBRH
 |- Actor Path: /Game/ThirdPerson/Maps/ThirdPersonMap.ThirdPersonMap:PersistentLevel.StaticMeshActor_UAID_6C6A77E26A5DBE5502_2062523695
 |- Actor Package: /Game/__ExternalActors__/ThirdPerson/Maps/ThirdPersonMap/3/73/S8EGLU71AQZP8PFTBRCIDI
 |- Actor Path: /Game/ThirdPerson/Maps/ThirdPersonMap.ThirdPersonMap:PersistentLevel.StaticMeshActor_UAID_A4AE111137DC5EFB00_1110535423
 |- Actor Package: /Game/__ExternalActors__/ThirdPerson/Maps/ThirdPersonMap/4/PN/2QISIGK5DJNQ05US8O8FXW
 |- Actor Path: /Game/ThirdPerson/Maps/ThirdPersonMap.ThirdPersonMap:PersistentLevel.StaticMeshActor_UAID_E89C25DEDC2A415402_1466214641
 |- Actor Package: /Game/__ExternalActors__/ThirdPerson/Maps/ThirdPersonMap/0/7M/MI2VCDMN2YVIRGJTSF2MIQ
 |- Actor Path: /Game/ThirdPerson/Maps/ThirdPersonMap.ThirdPersonMap:PersistentLevel.StaticMeshActor_UAID_E89C25DEDC2A415402_1763301643
 |- Actor Package: /Game/__ExternalActors__/ThirdPerson/Maps/ThirdPersonMap/4/7N/BWDN8PRXKCQE6NSXXM5O23
 |- Actor Path: /Game/ThirdPerson/Maps/ThirdPersonMap.ThirdPersonMap:PersistentLevel.StaticMeshActor_UAID_E89C25DEDC2A415402_1775438644
 |- Actor Package: /Game/__ExternalActors__/ThirdPerson/Maps/ThirdPersonMap/4/IS/SOKOWU5V8HERJBFBIM4PFD
 |- Actor Path: /Game/ThirdPerson/Maps/ThirdPersonMap.ThirdPersonMap:PersistentLevel.StaticMeshActor_UAID_E89C25DEDC2A415402_1781470645
 |- Actor Package: /Game/__ExternalActors__/ThirdPerson/Maps/ThirdPersonMap/3/F2/0QFM38SMHQOIVLEIU0V2P5
 |- Actor Path: /Game/ThirdPerson/Maps/ThirdPersonMap.ThirdPersonMap:PersistentLevel.StaticMeshActor_UAID_E89C25DEDC2A415402_1838931646
 |- Actor Package: /Game/__ExternalActors__/ThirdPerson/Maps/ThirdPersonMap/9/5P/8JMDHTX72H4HDCDIK78AO7
 |- Actor Path: /Game/ThirdPerson/Maps/ThirdPersonMap.ThirdPersonMap:PersistentLevel.StaticMeshActor_UAID_E89C25DEDC2A425402_1219122824
 |- Actor Package: /Game/__ExternalActors__/ThirdPerson/Maps/ThirdPersonMap/E/QM/19HSQCHM86BN5QU1OOQBL3
 |- Actor Path: /Game/ThirdPerson/Maps/ThirdPersonMap.ThirdPersonMap:PersistentLevel.StaticMeshActor_UAID_E89C25DEDC2A425402_1246532825
 |- Actor Package: /Game/__ExternalActors__/ThirdPerson/Maps/ThirdPersonMap/3/9D/7XBJB3IFZ1WKL4QOPQH62J
 |- Actor Path: /Game/ThirdPerson/Maps/ThirdPersonMap.ThirdPersonMap:PersistentLevel.StaticMeshActor_UAID_E89C25DEDC2A425402_1257481826
 |- Actor Package: /Game/__ExternalActors__/ThirdPerson/Maps/ThirdPersonMap/E/7K/8HZRQCA4CBHO8FJOP5E9NX
 |- Actor Path: /Game/ThirdPerson/Maps/ThirdPersonMap.ThirdPersonMap:PersistentLevel.StaticMeshActor_UAID_E89C25DEDC2A425402_1397874828
 |- Actor Package: /Game/__ExternalActors__/ThirdPerson/Maps/ThirdPersonMap/7/0T/3XZQTM34FY3H5ZT2ASCTG4
 |- Actor Path: /Game/ThirdPerson/Maps/ThirdPersonMap.ThirdPersonMap:PersistentLevel.StaticMeshActor_UAID_E89C25DEDC2A425402_1431698829
 |- Actor Package: /Game/__ExternalActors__/ThirdPerson/Maps/ThirdPersonMap/C/NR/BLJFXF7KZJ1JXMFNLCL93T
 |- Actor Path: /Game/ThirdPerson/Maps/ThirdPersonMap.ThirdPersonMap:PersistentLevel.StaticMeshActor_UAID_E89C25DEDC2A425402_1489908830
 |- Actor Package: /Game/__ExternalActors__/ThirdPerson/Maps/ThirdPersonMap/E/L3/XMA61AXVDTL2TL0N3BC9GM
 |- Actor Path: /Game/ThirdPerson/Maps/ThirdPersonMap.ThirdPersonMap:PersistentLevel.StaticMeshActor_UAID_E89C25DEDC2A425402_1530793831
 |- Actor Package: /Game/__ExternalActors__/ThirdPerson/Maps/ThirdPersonMap/2/CX/RCOFK7WCYBOUGYD851U0GK
 |- Actor Path: /Game/ThirdPerson/Maps/ThirdPersonMap.ThirdPersonMap:PersistentLevel.StaticMeshActor_UAID_E89C25DEDC2A425402_1790227834
 |- Actor Package: /Game/__ExternalActors__/ThirdPerson/Maps/ThirdPersonMap/9/WZ/7BP7JVVNDSV6V2FIA0RSVR
 |- Actor Path: /Game/ThirdPerson/Maps/ThirdPersonMap.ThirdPersonMap:PersistentLevel.TextRenderActor_1
 |- Actor Package: /Game/__ExternalActors__/ThirdPerson/Maps/ThirdPersonMap/1/WU/NB37RT5Q32Z8MJWD8BD2SO
 |- Actor Path: /Game/ThirdPerson/Maps/ThirdPersonMap.ThirdPersonMap:PersistentLevel.VolumetricCloud_0
 |- Actor Package: /Game/__ExternalActors__/ThirdPerson/Maps/ThirdPersonMap/3/EY/87SHEJN5UBEAN2K5OV1G6R
 |- Actor Path: /Game/ThirdPerson/Maps/ThirdPersonMap.ThirdPersonMap:PersistentLevel.WorldDataLayers
 |- Actor Package: /Game/__ExternalActors__/ThirdPerson/Maps/ThirdPersonMap/0/43/HYQWORMY4JDQ5X3OKZXFLC

----------------------------------------------------------------------------------------------------------------
ThirdPersonMap - Runtime Hash Set
----------------------------------------------------------------------------------------------------------------

